<?xml version="1.0" encoding="UTF-8"?>
<!-- Generated by org.testng.reporters.JUnitReportReporter -->
<testsuite hostname="Akash" failures="0" tests="2" name="amazon.Test_Execution_2" time="160.826" errors="0" timestamp="2022-03-11T11:50:18 IST" skipped="0">
  <testcase classname="amazon.Test_Execution_2" name="verifyAddToCart" time="123.220"/>
  <system-out/>
  <testcase classname="amazon.Test_Execution_2" name="verifyAddToWishlist" time="37.606"/>
  <system-out/>
</testsuite> <!-- amazon.Test_Execution_2 -->
